<?xml version="1.0" encoding="UTF-8"?>
<!-- Generated by org.testng.reporters.JUnitXMLReporter -->
<testsuite hostname="john-PC" ignored="0" name="iebrowser" tests="4" failures="4" timestamp="06 Dec 2019 06:53:21 GMT" time="0.441" errors="0">
  <testcase name="@AfterTest afterTest" time="0.398" classname="dec5.Using_DataProvider">
    <failure type="java.lang.NullPointerException">
      <![CDATA[java.lang.NullPointerException
at dec5.Using_DataProvider.afterTest(Using_DataProvider.java:97)
... Removed 24 stack frames]]>
    </failure>
  </testcase> <!-- @AfterTest afterTest -->
  <testcase name="verifyLogin" time="0.0" classname="dec5.Using_DataProvider">
    <failure type="java.lang.NullPointerException">
      <![CDATA[java.lang.NullPointerException
at dec5.Using_DataProvider.verifyLogin(Using_DataProvider.java:55)
... Removed 25 stack frames]]>
    </failure>
  </testcase> <!-- verifyLogin -->
  <testcase name="verifyLogin" time="0.0" classname="dec5.Using_DataProvider">
    <failure type="java.lang.NullPointerException">
      <![CDATA[java.lang.NullPointerException
at dec5.Using_DataProvider.verifyLogin(Using_DataProvider.java:55)
... Removed 25 stack frames]]>
    </failure>
  </testcase> <!-- verifyLogin -->
  <testcase name="verifyLogin" time="0.0" classname="dec5.Using_DataProvider">
    <failure type="java.lang.NullPointerException">
      <![CDATA[java.lang.NullPointerException
at dec5.Using_DataProvider.verifyLogin(Using_DataProvider.java:55)
... Removed 25 stack frames]]>
    </failure>
  </testcase> <!-- verifyLogin -->
  <testcase name="verifyLogin" time="0.0" classname="dec5.Using_DataProvider">
    <failure type="java.lang.NullPointerException">
      <![CDATA[java.lang.NullPointerException
at dec5.Using_DataProvider.verifyLogin(Using_DataProvider.java:55)
... Removed 25 stack frames]]>
    </failure>
  </testcase> <!-- verifyLogin -->
</testsuite> <!-- iebrowser -->
